Using pre-set license

 COMMAND LINE ARGUMENTS:
/Applications/Unity/Hub/Editor/2020.3.16f1/Unity.app/Contents/MacOS/Unity
-adb2
-batchMode
-noUpm
-name
AssetImportWorker0
-projectPath
/Users/shauna/Development/unity-websocket-server
-logFile
Logs/AssetImportWorker0.log
-srvPort
64450
Successfully changed project path to: /Users/shauna/Development/unity-websocket-server
/Users/shauna/Development/unity-websocket-server
Using Asset Import Pipeline V2.
Refreshing native plugins compatible for Editor in 34.43 ms, found 2 plugins.
Preloading 0 native plugins for Editor in 0.00 ms.
Initialize engine version: 2020.3.16f1 (049d6eca3c44)
[Subsystems] Discovering subsystems at path /Applications/Unity/Hub/Editor/2020.3.16f1/Unity.app/Contents/Resources/UnitySubsystems
[Subsystems] Discovering subsystems at path /Users/shauna/Development/unity-websocket-server/Assets
GfxDevice: creating device client; threaded=0
2021-08-15 22:34:49.379 Unity[52763:4263119] (null) preferred device: Apple M1 (high power)
2021-08-15 22:34:49.379 Unity[52763:4263119] Metal devices available: 1
2021-08-15 22:34:49.379 Unity[52763:4263119] 0: Apple M1 (high power)
2021-08-15 22:34:49.379 Unity[52763:4263119] Using device Apple M1 (high power)
Initializing Metal device caps: Apple M1
Initialize mono
Mono path[0] = '/Applications/Unity/Hub/Editor/2020.3.16f1/Unity.app/Contents/Managed'
Mono path[1] = '/Applications/Unity/Hub/Editor/2020.3.16f1/Unity.app/Contents/MonoBleedingEdge/lib/mono/unityjit'
Mono config path = '/Applications/Unity/Hub/Editor/2020.3.16f1/Unity.app/Contents/MonoBleedingEdge/etc'
Using monoOptions --debugger-agent=transport=dt_socket,embedding=1,server=y,suspend=n,address=127.0.0.1:56763
Begin MonoManager ReloadAssembly
Registering precompiled unity dll's ...
Register platform support module: /Applications/Unity/Hub/Editor/2020.3.16f1/Unity.app/Contents/PlaybackEngines/MacStandaloneSupport/UnityEditor.OSXStandalone.Extensions.dll
Registered in 0.001707 seconds.
Native extension for OSXStandalone target not found
Refreshing native plugins compatible for Editor in 35.07 ms, found 2 plugins.
Preloading 0 native plugins for Editor in 0.00 ms.
Mono: successfully reloaded assembly
- Completed reload, in  1.796 seconds
Domain Reload Profiling:
	ReloadAssembly (1796ms)
		BeginReloadAssembly (96ms)
			ExecutionOrderSort (0ms)
			DisableScriptedObjects (0ms)
			BackupInstance (0ms)
			ReleaseScriptingObjects (0ms)
			CreateAndSetChildDomain (3ms)
		EndReloadAssembly (930ms)
			LoadAssemblies (93ms)
			RebuildTransferFunctionScriptingTraits (0ms)
			SetupTypeCache (188ms)
			ReleaseScriptCaches (0ms)
			RebuildScriptCaches (45ms)
			SetupLoadedEditorAssemblies (533ms)
				LogAssemblyErrors (0ms)
				InitializePlatformSupportModulesInManaged (10ms)
				SetLoadedEditorAssemblies (0ms)
				RefreshPlugins (35ms)
				BeforeProcessingInitializeOnLoad (25ms)
				ProcessInitializeOnLoadAttributes (337ms)
				ProcessInitializeOnLoadMethodAttributes (125ms)
				AfterProcessingInitializeOnLoad (0ms)
				EditorAssembliesLoaded (1ms)
			ExecutionOrderSort2 (0ms)
			AwakeInstancesAfterBackupRestoration (0ms)
Platform modules already initialized, skipping
Registering precompiled user dll's ...
Registered in 0.001375 seconds.
Begin MonoManager ReloadAssembly
Native extension for OSXStandalone target not found
Refreshing native plugins compatible for Editor in 33.14 ms, found 2 plugins.
Preloading 0 native plugins for Editor in 0.00 ms.
Mono: successfully reloaded assembly
- Completed reload, in  1.948 seconds
Domain Reload Profiling:
	ReloadAssembly (1950ms)
		BeginReloadAssembly (275ms)
			ExecutionOrderSort (0ms)
			DisableScriptedObjects (32ms)
			BackupInstance (0ms)
			ReleaseScriptingObjects (0ms)
			CreateAndSetChildDomain (42ms)
		EndReloadAssembly (1570ms)
			LoadAssemblies (205ms)
			RebuildTransferFunctionScriptingTraits (0ms)
			SetupTypeCache (262ms)
			ReleaseScriptCaches (1ms)
			RebuildScriptCaches (60ms)
			SetupLoadedEditorAssemblies (681ms)
				LogAssemblyErrors (0ms)
				InitializePlatformSupportModulesInManaged (11ms)
				SetLoadedEditorAssemblies (1ms)
				RefreshPlugins (33ms)
				BeforeProcessingInitializeOnLoad (123ms)
				ProcessInitializeOnLoadAttributes (467ms)
				ProcessInitializeOnLoadMethodAttributes (44ms)
				AfterProcessingInitializeOnLoad (1ms)
				EditorAssembliesLoaded (0ms)
			ExecutionOrderSort2 (0ms)
			AwakeInstancesAfterBackupRestoration (34ms)
Platform modules already initialized, skipping
========================================================================
Worker process is ready to serve import requests
Launching external process: /Applications/Unity/Hub/Editor/2020.3.16f1/Unity.app/Contents/Tools/UnityShaderCompiler
Launched and connected shader compiler UnityShaderCompiler after 0.02 seconds
Refreshing native plugins compatible for Editor in 0.28 ms, found 2 plugins.
Preloading 0 native plugins for Editor in 0.00 ms.
Unloading 1812 Unused Serialized files (Serialized files now loaded: 0)
System memory in use before: 143.1 MB.
System memory in use after: 143.2 MB.

Unloading 19 unused Assets to reduce memory usage. Loaded Objects now: 2259.
Total: 2.525916 ms (FindLiveObjects: 0.106416 ms CreateObjectMapping: 0.033333 ms MarkObjects: 2.320000 ms  DeleteObjects: 0.065166 ms)

AssetImportParameters requested are different than current active one (requested -> active):
  custom:video-decoder-ogg-theora: a1e56fd34408186e4bbccfd4996cb3dc -> 
  custom:container-muxer-webm: aa71ff27fc2769a1b78a27578f13a17b -> 
  custom:container-demuxer-webm: 4f35f7cbe854078d1ac9338744f61a02 -> 
  custom:container-demuxer-ogg: 62fdf1f143b41e24485cea50d1cbac27 -> 
  custom:video-encoder-webm-vp8: eb34c28f22e8b96e1ab97ce403110664 -> 
  custom:framework-osx-AVFoundation: e770b220cccbd017edd2c1fefb359320 -> 
  custom:video-decoder-webm-vp8: 9c59270c3fd7afecdb556c50c9e8de78 -> 
  custom:audio-decoder-ogg-vorbis: bf7c407c2cedff20999df2af8eb42d56 -> 
  custom:audio-encoder-webm-vorbis: bf7c407c2cedff20999df2af8eb42d56 -> 
========================================================================
Received Import Request.
  path: Assets/Scenes
  artifactKey: Guid(4ebafb77ac26644d5add696267d4e150) Importer(815301076,1909f56bfc062723c751e8b465ee728b)
Start importing Assets/Scenes using Guid(4ebafb77ac26644d5add696267d4e150) Importer(815301076,1909f56bfc062723c751e8b465ee728b)  -> (artifact id: '013970fbeeec4c5f82a9d217f78df42d') in 0.006407 seconds 
  Import took 0.008688 seconds .

========================================================================
Received Import Request.
  Time since last request: 0.000201 seconds.
  path: Assets/WebSocketServer
  artifactKey: Guid(90c4b056dd07146b4b6f2a9d235c0be9) Importer(815301076,1909f56bfc062723c751e8b465ee728b)
Start importing Assets/WebSocketServer using Guid(90c4b056dd07146b4b6f2a9d235c0be9) Importer(815301076,1909f56bfc062723c751e8b465ee728b)  -> (artifact id: '5a4bf23d32ebbdf1d541ecdb2246dc1e') in 0.000521 seconds 
  Import took 0.002191 seconds .

========================================================================
Received Import Request.
  Time since last request: 0.000199 seconds.
  path: Assets/MyWebSocketServer.cs
  artifactKey: Guid(5cae6cd5a80444e79b49b1b23e819bb0) Importer(815301076,1909f56bfc062723c751e8b465ee728b)
Start importing Assets/MyWebSocketServer.cs using Guid(5cae6cd5a80444e79b49b1b23e819bb0) Importer(815301076,1909f56bfc062723c751e8b465ee728b)  -> (artifact id: '57df8f3a142cd65a9e76f59e79e7808c') in 0.243505 seconds 
  Import took 0.245412 seconds .

========================================================================
Received Import Request.
  Time since last request: 0.291893 seconds.
  path: Assets/WebSocketServer/WebSocketProtocol.cs
  artifactKey: Guid(d7f4a1fb063a4455d96289977a51d644) Importer(815301076,1909f56bfc062723c751e8b465ee728b)
Start importing Assets/WebSocketServer/WebSocketProtocol.cs using Guid(d7f4a1fb063a4455d96289977a51d644) Importer(815301076,1909f56bfc062723c751e8b465ee728b)  -> (artifact id: 'ab63790c083e6feb7474c4e01128b2b5') in 0.019235 seconds 
  Import took 0.022110 seconds .

========================================================================
Received Import Request.
  Time since last request: 1.747776 seconds.
  path: Assets/WebSocketServer/WebSocketConnection.cs
  artifactKey: Guid(cb7ccee6494e64db7bd20c7e8cfd0a78) Importer(815301076,1909f56bfc062723c751e8b465ee728b)
Start importing Assets/WebSocketServer/WebSocketConnection.cs using Guid(cb7ccee6494e64db7bd20c7e8cfd0a78) Importer(815301076,1909f56bfc062723c751e8b465ee728b)  -> (artifact id: 'b660b008ccdf094cf910aee1af90f4d1') in 0.002977 seconds 
  Import took 0.006586 seconds .

========================================================================
Received Import Request.
  Time since last request: 0.008094 seconds.
  path: Assets/WebSocketServer/WebSocketConnection.cs
  artifactKey: Guid(cb7ccee6494e64db7bd20c7e8cfd0a78) Importer(815301076,1909f56bfc062723c751e8b465ee728b)
Start importing Assets/WebSocketServer/WebSocketConnection.cs using Guid(cb7ccee6494e64db7bd20c7e8cfd0a78) Importer(815301076,1909f56bfc062723c751e8b465ee728b)  -> (artifact id: 'b660b008ccdf094cf910aee1af90f4d1') in 0.001313 seconds 
  Import took 0.004982 seconds .

========================================================================
Received Import Request.
  Time since last request: 1.690474 seconds.
  path: Assets/WebSocketServer/WebSocketServer.cs
  artifactKey: Guid(4ac217db4dad5436d9927ea08182cd9b) Importer(815301076,1909f56bfc062723c751e8b465ee728b)
Start importing Assets/WebSocketServer/WebSocketServer.cs using Guid(4ac217db4dad5436d9927ea08182cd9b) Importer(815301076,1909f56bfc062723c751e8b465ee728b)  -> (artifact id: '0f5b97c05c726228b2a8a08c59bee686') in 0.001270 seconds 
  Import took 0.004764 seconds .

========================================================================
Received Import Request.
  Time since last request: 0.001236 seconds.
  path: Assets/WebSocketServer/WebSocketServer.cs
  artifactKey: Guid(4ac217db4dad5436d9927ea08182cd9b) Importer(815301076,1909f56bfc062723c751e8b465ee728b)
Start importing Assets/WebSocketServer/WebSocketServer.cs using Guid(4ac217db4dad5436d9927ea08182cd9b) Importer(815301076,1909f56bfc062723c751e8b465ee728b)  -> (artifact id: '0f5b97c05c726228b2a8a08c59bee686') in 0.001153 seconds 
  Import took 0.004367 seconds .

========================================================================
Received Import Request.
  Time since last request: 12.726187 seconds.
  path: Assets
  artifactKey: Guid(00000000000000001000000000000000) Importer(815301076,1909f56bfc062723c751e8b465ee728b)
Start importing Assets using Guid(00000000000000001000000000000000) Importer(815301076,1909f56bfc062723c751e8b465ee728b)  -> (artifact id: '42d402b061de3733987d63b9cc3b64de') in 0.000678 seconds 
  Import took 0.003462 seconds .

